The system is: Darwin - 15.3.0 - x86_64
Compiling the C compiler identification source file "CMakeCCompilerId.c" succeeded.
Compiler: /usr/local/bin/gcc-6 
Build flags: 
Id flags: 

The output was:
0


Compilation of the C compiler identification source "CMakeCCompilerId.c" produced "a.out"

The C compiler identification is GNU, found in "/Users/brian/Dropbox/projects/cpp/aetee/CMakeFiles/3.4.3/CompilerIdC/a.out"

Compiling the CXX compiler identification source file "CMakeCXXCompilerId.cpp" succeeded.
Compiler: /usr/local/bin/g++-6 
Build flags: ;-std=gnu++1z
Id flags: 

The output was:
0


Compilation of the CXX compiler identification source "CMakeCXXCompilerId.cpp" produced "a.out"

The CXX compiler identification is GNU, found in "/Users/brian/Dropbox/projects/cpp/aetee/CMakeFiles/3.4.3/CompilerIdCXX/a.out"

Determining if the C compiler works passed with the following output:
Change Dir: /Users/brian/Dropbox/projects/cpp/aetee/CMakeFiles/CMakeTmp

Run Build Command:"/usr/bin/make" "cmTC_92a90/fast"
/Applications/Xcode.app/Contents/Developer/usr/bin/make -f CMakeFiles/cmTC_92a90.dir/build.make CMakeFiles/cmTC_92a90.dir/build
Building C object CMakeFiles/cmTC_92a90.dir/testCCompiler.c.o
/usr/local/bin/gcc-6    -isysroot /Applications/Xcode.app/Contents/Developer/Platforms/MacOSX.platform/Developer/SDKs/MacOSX10.11.sdk   -o CMakeFiles/cmTC_92a90.dir/testCCompiler.c.o   -c /Users/brian/Dropbox/projects/cpp/aetee/CMakeFiles/CMakeTmp/testCCompiler.c
Linking C executable cmTC_92a90
/usr/local/Cellar/cmake/3.4.3/bin/cmake -E cmake_link_script CMakeFiles/cmTC_92a90.dir/link.txt --verbose=1
/usr/local/bin/gcc-6    -isysroot /Applications/Xcode.app/Contents/Developer/Platforms/MacOSX.platform/Developer/SDKs/MacOSX10.11.sdk -Wl,-search_paths_first -Wl,-headerpad_max_install_names   CMakeFiles/cmTC_92a90.dir/testCCompiler.c.o  -o cmTC_92a90  


Detecting C compiler ABI info compiled with the following output:
Change Dir: /Users/brian/Dropbox/projects/cpp/aetee/CMakeFiles/CMakeTmp

Run Build Command:"/usr/bin/make" "cmTC_25811/fast"
/Applications/Xcode.app/Contents/Developer/usr/bin/make -f CMakeFiles/cmTC_25811.dir/build.make CMakeFiles/cmTC_25811.dir/build
Building C object CMakeFiles/cmTC_25811.dir/CMakeCCompilerABI.c.o
/usr/local/bin/gcc-6    -isysroot /Applications/Xcode.app/Contents/Developer/Platforms/MacOSX.platform/Developer/SDKs/MacOSX10.11.sdk   -o CMakeFiles/cmTC_25811.dir/CMakeCCompilerABI.c.o   -c /usr/local/Cellar/cmake/3.4.3/share/cmake/Modules/CMakeCCompilerABI.c
Linking C executable cmTC_25811
/usr/local/Cellar/cmake/3.4.3/bin/cmake -E cmake_link_script CMakeFiles/cmTC_25811.dir/link.txt --verbose=1
/usr/local/bin/gcc-6    -isysroot /Applications/Xcode.app/Contents/Developer/Platforms/MacOSX.platform/Developer/SDKs/MacOSX10.11.sdk -Wl,-search_paths_first -Wl,-headerpad_max_install_names  -v -Wl,-v CMakeFiles/cmTC_25811.dir/CMakeCCompilerABI.c.o  -o cmTC_25811   
Using built-in specs.
COLLECT_GCC=/usr/local/bin/gcc-6
COLLECT_LTO_WRAPPER=/usr/local/Cellar/gcc6/6-20160124/libexec/gcc/x86_64-apple-darwin15.3.0/6.0.0/lto-wrapper
Target: x86_64-apple-darwin15.3.0
Configured with: ../configure --build=x86_64-apple-darwin15.3.0 --prefix=/usr/local/Cellar/gcc6/6-20160124 --libdir=/usr/local/Cellar/gcc6/6-20160124/lib/gcc/6 --enable-languages=c,c++,objc,obj-c++,fortran --program-suffix=-6 --with-gmp=/usr/local/opt/gmp --with-mpfr=/usr/local/opt/mpfr --with-mpc=/usr/local/opt/libmpc --with-isl=/usr/local/opt/isl014 --with-system-zlib --enable-libstdcxx-time=yes --enable-stage1-checking --enable-checking=release --enable-lto --with-build-config=bootstrap-debug --disable-werror --with-pkgversion='Homebrew gcc6 6-20160124' --with-bugurl=https://github.com/Homebrew/homebrew-versions/issues --enable-plugin --disable-nls --enable-multilib --with-native-system-header-dir=/usr/include --with-sysroot=/Applications/Xcode.app/Contents/Developer/Platforms/MacOSX.platform/Developer/SDKs/MacOSX10.11.sdk
Thread model: posix
gcc version 6.0.0 20160124 (experimental) (Homebrew gcc6 6-20160124) 
COMPILER_PATH=/usr/local/Cellar/gcc6/6-20160124/libexec/gcc/x86_64-apple-darwin15.3.0/6.0.0/:/usr/local/Cellar/gcc6/6-20160124/libexec/gcc/x86_64-apple-darwin15.3.0/6.0.0/:/usr/local/Cellar/gcc6/6-20160124/libexec/gcc/x86_64-apple-darwin15.3.0/:/usr/local/Cellar/gcc6/6-20160124/lib/gcc/6/gcc/x86_64-apple-darwin15.3.0/6.0.0/:/usr/local/Cellar/gcc6/6-20160124/lib/gcc/6/gcc/x86_64-apple-darwin15.3.0/
LIBRARY_PATH=/usr/local/Cellar/gcc6/6-20160124/lib/gcc/6/gcc/x86_64-apple-darwin15.3.0/6.0.0/:/usr/local/Cellar/gcc6/6-20160124/lib/gcc/6/gcc/x86_64-apple-darwin15.3.0/6.0.0/../../../
COLLECT_GCC_OPTIONS='-isysroot' '/Applications/Xcode.app/Contents/Developer/Platforms/MacOSX.platform/Developer/SDKs/MacOSX10.11.sdk' '-v' '-o' 'cmTC_25811' '-mmacosx-version-min=10.11.3' '-mtune=core2'
 /usr/local/Cellar/gcc6/6-20160124/libexec/gcc/x86_64-apple-darwin15.3.0/6.0.0/collect2 -dynamic -arch x86_64 -macosx_version_min 10.11.3 -syslibroot /Applications/Xcode.app/Contents/Developer/Platforms/MacOSX.platform/Developer/SDKs/MacOSX10.11.sdk -weak_reference_mismatches non-weak -o cmTC_25811 -L/usr/local/Cellar/gcc6/6-20160124/lib/gcc/6/gcc/x86_64-apple-darwin15.3.0/6.0.0 -L/usr/local/Cellar/gcc6/6-20160124/lib/gcc/6/gcc/x86_64-apple-darwin15.3.0/6.0.0/../../.. -search_paths_first -headerpad_max_install_names -v CMakeFiles/cmTC_25811.dir/CMakeCCompilerABI.c.o -no_compact_unwind -lSystem -lgcc_ext.10.5 -lgcc -lSystem -v
collect2 version 6.0.0 20160124 (experimental)
/usr/bin/ld -dynamic -arch x86_64 -macosx_version_min 10.11.3 -syslibroot /Applications/Xcode.app/Contents/Developer/Platforms/MacOSX.platform/Developer/SDKs/MacOSX10.11.sdk -weak_reference_mismatches non-weak -o cmTC_25811 -L/usr/local/Cellar/gcc6/6-20160124/lib/gcc/6/gcc/x86_64-apple-darwin15.3.0/6.0.0 -L/usr/local/Cellar/gcc6/6-20160124/lib/gcc/6/gcc/x86_64-apple-darwin15.3.0/6.0.0/../../.. -search_paths_first -headerpad_max_install_names -v CMakeFiles/cmTC_25811.dir/CMakeCCompilerABI.c.o -no_compact_unwind -lSystem -lgcc_ext.10.5 -lgcc -lSystem -v
@(#)PROGRAM:ld  PROJECT:ld64-253.9
configured to support archs: armv6 armv7 armv7s arm64 i386 x86_64 x86_64h armv6m armv7k armv7m armv7em (tvOS)
@(#)PROGRAM:ld  PROJECT:ld64-253.9
configured to support archs: armv6 armv7 armv7s arm64 i386 x86_64 x86_64h armv6m armv7k armv7m armv7em (tvOS)
Library search paths:
	/usr/local/Cellar/gcc6/6-20160124/lib/gcc/6/gcc/x86_64-apple-darwin15.3.0/6.0.0
	/usr/local/Cellar/gcc6/6-20160124/lib/gcc/6
	/Applications/Xcode.app/Contents/Developer/Platforms/MacOSX.platform/Developer/SDKs/MacOSX10.11.sdk/usr/lib
Framework search paths:
	/Applications/Xcode.app/Contents/Developer/Platforms/MacOSX.platform/Developer/SDKs/MacOSX10.11.sdk/System/Library/Frameworks/
 /usr/bin/nm -n CMakeFiles/cmTC_25811.dir/CMakeCCompilerABI.c.o


Parsed C implicit link information from above output:
  link line regex: [^( *|.*[/\])(ld|([^/\]+-)?ld|collect2)[^/\]*( |$)]
  ignore line: [Change Dir: /Users/brian/Dropbox/projects/cpp/aetee/CMakeFiles/CMakeTmp]
  ignore line: []
  ignore line: [Run Build Command:"/usr/bin/make" "cmTC_25811/fast"]
  ignore line: [/Applications/Xcode.app/Contents/Developer/usr/bin/make -f CMakeFiles/cmTC_25811.dir/build.make CMakeFiles/cmTC_25811.dir/build]
  ignore line: [Building C object CMakeFiles/cmTC_25811.dir/CMakeCCompilerABI.c.o]
  ignore line: [/usr/local/bin/gcc-6    -isysroot /Applications/Xcode.app/Contents/Developer/Platforms/MacOSX.platform/Developer/SDKs/MacOSX10.11.sdk   -o CMakeFiles/cmTC_25811.dir/CMakeCCompilerABI.c.o   -c /usr/local/Cellar/cmake/3.4.3/share/cmake/Modules/CMakeCCompilerABI.c]
  ignore line: [Linking C executable cmTC_25811]
  ignore line: [/usr/local/Cellar/cmake/3.4.3/bin/cmake -E cmake_link_script CMakeFiles/cmTC_25811.dir/link.txt --verbose=1]
  ignore line: [/usr/local/bin/gcc-6    -isysroot /Applications/Xcode.app/Contents/Developer/Platforms/MacOSX.platform/Developer/SDKs/MacOSX10.11.sdk -Wl,-search_paths_first -Wl,-headerpad_max_install_names  -v -Wl,-v CMakeFiles/cmTC_25811.dir/CMakeCCompilerABI.c.o  -o cmTC_25811   ]
  ignore line: [Using built-in specs.]
  ignore line: [COLLECT_GCC=/usr/local/bin/gcc-6]
  ignore line: [COLLECT_LTO_WRAPPER=/usr/local/Cellar/gcc6/6-20160124/libexec/gcc/x86_64-apple-darwin15.3.0/6.0.0/lto-wrapper]
  ignore line: [Target: x86_64-apple-darwin15.3.0]
  ignore line: [Configured with: ../configure --build=x86_64-apple-darwin15.3.0 --prefix=/usr/local/Cellar/gcc6/6-20160124 --libdir=/usr/local/Cellar/gcc6/6-20160124/lib/gcc/6 --enable-languages=c,c++,objc,obj-c++,fortran --program-suffix=-6 --with-gmp=/usr/local/opt/gmp --with-mpfr=/usr/local/opt/mpfr --with-mpc=/usr/local/opt/libmpc --with-isl=/usr/local/opt/isl014 --with-system-zlib --enable-libstdcxx-time=yes --enable-stage1-checking --enable-checking=release --enable-lto --with-build-config=bootstrap-debug --disable-werror --with-pkgversion='Homebrew gcc6 6-20160124' --with-bugurl=https://github.com/Homebrew/homebrew-versions/issues --enable-plugin --disable-nls --enable-multilib --with-native-system-header-dir=/usr/include --with-sysroot=/Applications/Xcode.app/Contents/Developer/Platforms/MacOSX.platform/Developer/SDKs/MacOSX10.11.sdk]
  ignore line: [Thread model: posix]
  ignore line: [gcc version 6.0.0 20160124 (experimental) (Homebrew gcc6 6-20160124) ]
  ignore line: [COMPILER_PATH=/usr/local/Cellar/gcc6/6-20160124/libexec/gcc/x86_64-apple-darwin15.3.0/6.0.0/:/usr/local/Cellar/gcc6/6-20160124/libexec/gcc/x86_64-apple-darwin15.3.0/6.0.0/:/usr/local/Cellar/gcc6/6-20160124/libexec/gcc/x86_64-apple-darwin15.3.0/:/usr/local/Cellar/gcc6/6-20160124/lib/gcc/6/gcc/x86_64-apple-darwin15.3.0/6.0.0/:/usr/local/Cellar/gcc6/6-20160124/lib/gcc/6/gcc/x86_64-apple-darwin15.3.0/]
  ignore line: [LIBRARY_PATH=/usr/local/Cellar/gcc6/6-20160124/lib/gcc/6/gcc/x86_64-apple-darwin15.3.0/6.0.0/:/usr/local/Cellar/gcc6/6-20160124/lib/gcc/6/gcc/x86_64-apple-darwin15.3.0/6.0.0/../../../]
  ignore line: [COLLECT_GCC_OPTIONS='-isysroot' '/Applications/Xcode.app/Contents/Developer/Platforms/MacOSX.platform/Developer/SDKs/MacOSX10.11.sdk' '-v' '-o' 'cmTC_25811' '-mmacosx-version-min=10.11.3' '-mtune=core2']
  link line: [ /usr/local/Cellar/gcc6/6-20160124/libexec/gcc/x86_64-apple-darwin15.3.0/6.0.0/collect2 -dynamic -arch x86_64 -macosx_version_min 10.11.3 -syslibroot /Applications/Xcode.app/Contents/Developer/Platforms/MacOSX.platform/Developer/SDKs/MacOSX10.11.sdk -weak_reference_mismatches non-weak -o cmTC_25811 -L/usr/local/Cellar/gcc6/6-20160124/lib/gcc/6/gcc/x86_64-apple-darwin15.3.0/6.0.0 -L/usr/local/Cellar/gcc6/6-20160124/lib/gcc/6/gcc/x86_64-apple-darwin15.3.0/6.0.0/../../.. -search_paths_first -headerpad_max_install_names -v CMakeFiles/cmTC_25811.dir/CMakeCCompilerABI.c.o -no_compact_unwind -lSystem -lgcc_ext.10.5 -lgcc -lSystem -v]
    arg [/usr/local/Cellar/gcc6/6-20160124/libexec/gcc/x86_64-apple-darwin15.3.0/6.0.0/collect2] ==> ignore
    arg [-dynamic] ==> ignore
    arg [-arch] ==> ignore
    arg [x86_64] ==> ignore
    arg [-macosx_version_min] ==> ignore
    arg [10.11.3] ==> ignore
    arg [-syslibroot] ==> ignore
    arg [/Applications/Xcode.app/Contents/Developer/Platforms/MacOSX.platform/Developer/SDKs/MacOSX10.11.sdk] ==> ignore
    arg [-weak_reference_mismatches] ==> ignore
    arg [non-weak] ==> ignore
    arg [-o] ==> ignore
    arg [cmTC_25811] ==> ignore
    arg [-L/usr/local/Cellar/gcc6/6-20160124/lib/gcc/6/gcc/x86_64-apple-darwin15.3.0/6.0.0] ==> dir [/usr/local/Cellar/gcc6/6-20160124/lib/gcc/6/gcc/x86_64-apple-darwin15.3.0/6.0.0]
    arg [-L/usr/local/Cellar/gcc6/6-20160124/lib/gcc/6/gcc/x86_64-apple-darwin15.3.0/6.0.0/../../..] ==> dir [/usr/local/Cellar/gcc6/6-20160124/lib/gcc/6/gcc/x86_64-apple-darwin15.3.0/6.0.0/../../..]
    arg [-search_paths_first] ==> ignore
    arg [-headerpad_max_install_names] ==> ignore
    arg [-v] ==> ignore
    arg [CMakeFiles/cmTC_25811.dir/CMakeCCompilerABI.c.o] ==> ignore
    arg [-no_compact_unwind] ==> ignore
    arg [-lSystem] ==> lib [System]
    arg [-lgcc_ext.10.5] ==> lib [gcc_ext.10.5]
    arg [-lgcc] ==> lib [gcc]
    arg [-lSystem] ==> lib [System]
    arg [-v] ==> ignore
  Library search paths: [;/usr/local/Cellar/gcc6/6-20160124/lib/gcc/6/gcc/x86_64-apple-darwin15.3.0/6.0.0;/usr/local/Cellar/gcc6/6-20160124/lib/gcc/6;/Applications/Xcode.app/Contents/Developer/Platforms/MacOSX.platform/Developer/SDKs/MacOSX10.11.sdk/usr/lib]
  Framework search paths: [;/Applications/Xcode.app/Contents/Developer/Platforms/MacOSX.platform/Developer/SDKs/MacOSX10.11.sdk/System/Library/Frameworks/]
  remove lib [System]
  remove lib [gcc_ext.10.5]
  remove lib [gcc]
  remove lib [System]
  collapse library dir [/usr/local/Cellar/gcc6/6-20160124/lib/gcc/6/gcc/x86_64-apple-darwin15.3.0/6.0.0] ==> [/usr/local/Cellar/gcc6/6-20160124/lib/gcc/6/gcc/x86_64-apple-darwin15.3.0/6.0.0]
  collapse library dir [/usr/local/Cellar/gcc6/6-20160124/lib/gcc/6/gcc/x86_64-apple-darwin15.3.0/6.0.0/../../..] ==> [/usr/local/Cellar/gcc6/6-20160124/lib/gcc/6]
  collapse library dir [/usr/local/Cellar/gcc6/6-20160124/lib/gcc/6/gcc/x86_64-apple-darwin15.3.0/6.0.0] ==> [/usr/local/Cellar/gcc6/6-20160124/lib/gcc/6/gcc/x86_64-apple-darwin15.3.0/6.0.0]
  collapse library dir [/usr/local/Cellar/gcc6/6-20160124/lib/gcc/6] ==> [/usr/local/Cellar/gcc6/6-20160124/lib/gcc/6]
  collapse library dir [/Applications/Xcode.app/Contents/Developer/Platforms/MacOSX.platform/Developer/SDKs/MacOSX10.11.sdk/usr/lib] ==> [/Applications/Xcode.app/Contents/Developer/Platforms/MacOSX.platform/Developer/SDKs/MacOSX10.11.sdk/usr/lib]
  collapse framework dir [/Applications/Xcode.app/Contents/Developer/Platforms/MacOSX.platform/Developer/SDKs/MacOSX10.11.sdk/System/Library/Frameworks/] ==> [/Applications/Xcode.app/Contents/Developer/Platforms/MacOSX.platform/Developer/SDKs/MacOSX10.11.sdk/System/Library/Frameworks]
  implicit libs: []
  implicit dirs: [/usr/local/Cellar/gcc6/6-20160124/lib/gcc/6/gcc/x86_64-apple-darwin15.3.0/6.0.0;/usr/local/Cellar/gcc6/6-20160124/lib/gcc/6;/Applications/Xcode.app/Contents/Developer/Platforms/MacOSX.platform/Developer/SDKs/MacOSX10.11.sdk/usr/lib]
  implicit fwks: [/Applications/Xcode.app/Contents/Developer/Platforms/MacOSX.platform/Developer/SDKs/MacOSX10.11.sdk/System/Library/Frameworks]




Detecting C [-std=c11] compiler features compiled with the following output:
Change Dir: /Users/brian/Dropbox/projects/cpp/aetee/CMakeFiles/CMakeTmp

Run Build Command:"/usr/bin/make" "cmTC_9b4b3/fast"
/Applications/Xcode.app/Contents/Developer/usr/bin/make -f CMakeFiles/cmTC_9b4b3.dir/build.make CMakeFiles/cmTC_9b4b3.dir/build
Building C object CMakeFiles/cmTC_9b4b3.dir/feature_tests.c.o
/usr/local/bin/gcc-6    -isysroot /Applications/Xcode.app/Contents/Developer/Platforms/MacOSX.platform/Developer/SDKs/MacOSX10.11.sdk   -std=c11 -o CMakeFiles/cmTC_9b4b3.dir/feature_tests.c.o   -c /Users/brian/Dropbox/projects/cpp/aetee/CMakeFiles/feature_tests.c
Linking C executable cmTC_9b4b3
/usr/local/Cellar/cmake/3.4.3/bin/cmake -E cmake_link_script CMakeFiles/cmTC_9b4b3.dir/link.txt --verbose=1
/usr/local/bin/gcc-6    -isysroot /Applications/Xcode.app/Contents/Developer/Platforms/MacOSX.platform/Developer/SDKs/MacOSX10.11.sdk -Wl,-search_paths_first -Wl,-headerpad_max_install_names   CMakeFiles/cmTC_9b4b3.dir/feature_tests.c.o  -o cmTC_9b4b3  


    Feature record: C_FEATURE:1c_function_prototypes
    Feature record: C_FEATURE:1c_restrict
    Feature record: C_FEATURE:1c_static_assert
    Feature record: C_FEATURE:1c_variadic_macros


Detecting C [-std=c99] compiler features compiled with the following output:
Change Dir: /Users/brian/Dropbox/projects/cpp/aetee/CMakeFiles/CMakeTmp

Run Build Command:"/usr/bin/make" "cmTC_2524b/fast"
/Applications/Xcode.app/Contents/Developer/usr/bin/make -f CMakeFiles/cmTC_2524b.dir/build.make CMakeFiles/cmTC_2524b.dir/build
Building C object CMakeFiles/cmTC_2524b.dir/feature_tests.c.o
/usr/local/bin/gcc-6    -isysroot /Applications/Xcode.app/Contents/Developer/Platforms/MacOSX.platform/Developer/SDKs/MacOSX10.11.sdk   -std=c99 -o CMakeFiles/cmTC_2524b.dir/feature_tests.c.o   -c /Users/brian/Dropbox/projects/cpp/aetee/CMakeFiles/feature_tests.c
Linking C executable cmTC_2524b
/usr/local/Cellar/cmake/3.4.3/bin/cmake -E cmake_link_script CMakeFiles/cmTC_2524b.dir/link.txt --verbose=1
/usr/local/bin/gcc-6    -isysroot /Applications/Xcode.app/Contents/Developer/Platforms/MacOSX.platform/Developer/SDKs/MacOSX10.11.sdk -Wl,-search_paths_first -Wl,-headerpad_max_install_names   CMakeFiles/cmTC_2524b.dir/feature_tests.c.o  -o cmTC_2524b  


    Feature record: C_FEATURE:1c_function_prototypes
    Feature record: C_FEATURE:1c_restrict
    Feature record: C_FEATURE:0c_static_assert
    Feature record: C_FEATURE:1c_variadic_macros


Detecting C [-std=c90] compiler features compiled with the following output:
Change Dir: /Users/brian/Dropbox/projects/cpp/aetee/CMakeFiles/CMakeTmp

Run Build Command:"/usr/bin/make" "cmTC_89aa0/fast"
/Applications/Xcode.app/Contents/Developer/usr/bin/make -f CMakeFiles/cmTC_89aa0.dir/build.make CMakeFiles/cmTC_89aa0.dir/build
Building C object CMakeFiles/cmTC_89aa0.dir/feature_tests.c.o
/usr/local/bin/gcc-6    -isysroot /Applications/Xcode.app/Contents/Developer/Platforms/MacOSX.platform/Developer/SDKs/MacOSX10.11.sdk   -std=c90 -o CMakeFiles/cmTC_89aa0.dir/feature_tests.c.o   -c /Users/brian/Dropbox/projects/cpp/aetee/CMakeFiles/feature_tests.c
Linking C executable cmTC_89aa0
/usr/local/Cellar/cmake/3.4.3/bin/cmake -E cmake_link_script CMakeFiles/cmTC_89aa0.dir/link.txt --verbose=1
/usr/local/bin/gcc-6    -isysroot /Applications/Xcode.app/Contents/Developer/Platforms/MacOSX.platform/Developer/SDKs/MacOSX10.11.sdk -Wl,-search_paths_first -Wl,-headerpad_max_install_names   CMakeFiles/cmTC_89aa0.dir/feature_tests.c.o  -o cmTC_89aa0  


    Feature record: C_FEATURE:1c_function_prototypes
    Feature record: C_FEATURE:0c_restrict
    Feature record: C_FEATURE:0c_static_assert
    Feature record: C_FEATURE:0c_variadic_macros
Determining if the CXX compiler works passed with the following output:
Change Dir: /Users/brian/Dropbox/projects/cpp/aetee/CMakeFiles/CMakeTmp

Run Build Command:"/usr/bin/make" "cmTC_0aff3/fast"
/Applications/Xcode.app/Contents/Developer/usr/bin/make -f CMakeFiles/cmTC_0aff3.dir/build.make CMakeFiles/cmTC_0aff3.dir/build
Building CXX object CMakeFiles/cmTC_0aff3.dir/testCXXCompiler.cxx.o
/usr/local/bin/g++-6     -isysroot /Applications/Xcode.app/Contents/Developer/Platforms/MacOSX.platform/Developer/SDKs/MacOSX10.11.sdk   -o CMakeFiles/cmTC_0aff3.dir/testCXXCompiler.cxx.o -c /Users/brian/Dropbox/projects/cpp/aetee/CMakeFiles/CMakeTmp/testCXXCompiler.cxx
Linking CXX executable cmTC_0aff3
/usr/local/Cellar/cmake/3.4.3/bin/cmake -E cmake_link_script CMakeFiles/cmTC_0aff3.dir/link.txt --verbose=1
/usr/local/bin/g++-6     -isysroot /Applications/Xcode.app/Contents/Developer/Platforms/MacOSX.platform/Developer/SDKs/MacOSX10.11.sdk -Wl,-search_paths_first -Wl,-headerpad_max_install_names   CMakeFiles/cmTC_0aff3.dir/testCXXCompiler.cxx.o  -o cmTC_0aff3  


Detecting CXX compiler ABI info compiled with the following output:
Change Dir: /Users/brian/Dropbox/projects/cpp/aetee/CMakeFiles/CMakeTmp

Run Build Command:"/usr/bin/make" "cmTC_91b23/fast"
/Applications/Xcode.app/Contents/Developer/usr/bin/make -f CMakeFiles/cmTC_91b23.dir/build.make CMakeFiles/cmTC_91b23.dir/build
Building CXX object CMakeFiles/cmTC_91b23.dir/CMakeCXXCompilerABI.cpp.o
/usr/local/bin/g++-6     -isysroot /Applications/Xcode.app/Contents/Developer/Platforms/MacOSX.platform/Developer/SDKs/MacOSX10.11.sdk   -o CMakeFiles/cmTC_91b23.dir/CMakeCXXCompilerABI.cpp.o -c /usr/local/Cellar/cmake/3.4.3/share/cmake/Modules/CMakeCXXCompilerABI.cpp
Linking CXX executable cmTC_91b23
/usr/local/Cellar/cmake/3.4.3/bin/cmake -E cmake_link_script CMakeFiles/cmTC_91b23.dir/link.txt --verbose=1
/usr/local/bin/g++-6     -isysroot /Applications/Xcode.app/Contents/Developer/Platforms/MacOSX.platform/Developer/SDKs/MacOSX10.11.sdk -Wl,-search_paths_first -Wl,-headerpad_max_install_names  -v -Wl,-v CMakeFiles/cmTC_91b23.dir/CMakeCXXCompilerABI.cpp.o  -o cmTC_91b23   
Using built-in specs.
COLLECT_GCC=/usr/local/bin/g++-6
COLLECT_LTO_WRAPPER=/usr/local/Cellar/gcc6/6-20160124/libexec/gcc/x86_64-apple-darwin15.3.0/6.0.0/lto-wrapper
Target: x86_64-apple-darwin15.3.0
Configured with: ../configure --build=x86_64-apple-darwin15.3.0 --prefix=/usr/local/Cellar/gcc6/6-20160124 --libdir=/usr/local/Cellar/gcc6/6-20160124/lib/gcc/6 --enable-languages=c,c++,objc,obj-c++,fortran --program-suffix=-6 --with-gmp=/usr/local/opt/gmp --with-mpfr=/usr/local/opt/mpfr --with-mpc=/usr/local/opt/libmpc --with-isl=/usr/local/opt/isl014 --with-system-zlib --enable-libstdcxx-time=yes --enable-stage1-checking --enable-checking=release --enable-lto --with-build-config=bootstrap-debug --disable-werror --with-pkgversion='Homebrew gcc6 6-20160124' --with-bugurl=https://github.com/Homebrew/homebrew-versions/issues --enable-plugin --disable-nls --enable-multilib --with-native-system-header-dir=/usr/include --with-sysroot=/Applications/Xcode.app/Contents/Developer/Platforms/MacOSX.platform/Developer/SDKs/MacOSX10.11.sdk
Thread model: posix
gcc version 6.0.0 20160124 (experimental) (Homebrew gcc6 6-20160124) 
COMPILER_PATH=/usr/local/Cellar/gcc6/6-20160124/libexec/gcc/x86_64-apple-darwin15.3.0/6.0.0/:/usr/local/Cellar/gcc6/6-20160124/libexec/gcc/x86_64-apple-darwin15.3.0/6.0.0/:/usr/local/Cellar/gcc6/6-20160124/libexec/gcc/x86_64-apple-darwin15.3.0/:/usr/local/Cellar/gcc6/6-20160124/lib/gcc/6/gcc/x86_64-apple-darwin15.3.0/6.0.0/:/usr/local/Cellar/gcc6/6-20160124/lib/gcc/6/gcc/x86_64-apple-darwin15.3.0/
LIBRARY_PATH=/usr/local/Cellar/gcc6/6-20160124/lib/gcc/6/gcc/x86_64-apple-darwin15.3.0/6.0.0/:/usr/local/Cellar/gcc6/6-20160124/lib/gcc/6/gcc/x86_64-apple-darwin15.3.0/6.0.0/../../../
COLLECT_GCC_OPTIONS='-isysroot' '/Applications/Xcode.app/Contents/Developer/Platforms/MacOSX.platform/Developer/SDKs/MacOSX10.11.sdk' '-v' '-o' 'cmTC_91b23' '-mmacosx-version-min=10.11.3' '-shared-libgcc' '-mtune=core2'
 /usr/local/Cellar/gcc6/6-20160124/libexec/gcc/x86_64-apple-darwin15.3.0/6.0.0/collect2 -dynamic -arch x86_64 -macosx_version_min 10.11.3 -syslibroot /Applications/Xcode.app/Contents/Developer/Platforms/MacOSX.platform/Developer/SDKs/MacOSX10.11.sdk -weak_reference_mismatches non-weak -o cmTC_91b23 -L/usr/local/Cellar/gcc6/6-20160124/lib/gcc/6/gcc/x86_64-apple-darwin15.3.0/6.0.0 -L/usr/local/Cellar/gcc6/6-20160124/lib/gcc/6/gcc/x86_64-apple-darwin15.3.0/6.0.0/../../.. -search_paths_first -headerpad_max_install_names -v CMakeFiles/cmTC_91b23.dir/CMakeCXXCompilerABI.cpp.o -lstdc++ -no_compact_unwind -lSystem -lgcc_ext.10.5 -lgcc -lSystem -v
collect2 version 6.0.0 20160124 (experimental)
/usr/bin/ld -dynamic -arch x86_64 -macosx_version_min 10.11.3 -syslibroot /Applications/Xcode.app/Contents/Developer/Platforms/MacOSX.platform/Developer/SDKs/MacOSX10.11.sdk -weak_reference_mismatches non-weak -o cmTC_91b23 -L/usr/local/Cellar/gcc6/6-20160124/lib/gcc/6/gcc/x86_64-apple-darwin15.3.0/6.0.0 -L/usr/local/Cellar/gcc6/6-20160124/lib/gcc/6/gcc/x86_64-apple-darwin15.3.0/6.0.0/../../.. -search_paths_first -headerpad_max_install_names -v CMakeFiles/cmTC_91b23.dir/CMakeCXXCompilerABI.cpp.o -lstdc++ -no_compact_unwind -lSystem -lgcc_ext.10.5 -lgcc -lSystem -v
@(#)PROGRAM:ld  PROJECT:ld64-253.9
configured to support archs: armv6 armv7 armv7s arm64 i386 x86_64 x86_64h armv6m armv7k armv7m armv7em (tvOS)
@(#)PROGRAM:ld  PROJECT:ld64-253.9
configured to support archs: armv6 armv7 armv7s arm64 i386 x86_64 x86_64h armv6m armv7k armv7m armv7em (tvOS)
Library search paths:
	/usr/local/Cellar/gcc6/6-20160124/lib/gcc/6/gcc/x86_64-apple-darwin15.3.0/6.0.0
	/usr/local/Cellar/gcc6/6-20160124/lib/gcc/6
	/Applications/Xcode.app/Contents/Developer/Platforms/MacOSX.platform/Developer/SDKs/MacOSX10.11.sdk/usr/lib
Framework search paths:
	/Applications/Xcode.app/Contents/Developer/Platforms/MacOSX.platform/Developer/SDKs/MacOSX10.11.sdk/System/Library/Frameworks/
 /usr/bin/nm -n CMakeFiles/cmTC_91b23.dir/CMakeCXXCompilerABI.cpp.o


Parsed CXX implicit link information from above output:
  link line regex: [^( *|.*[/\])(ld|([^/\]+-)?ld|collect2)[^/\]*( |$)]
  ignore line: [Change Dir: /Users/brian/Dropbox/projects/cpp/aetee/CMakeFiles/CMakeTmp]
  ignore line: []
  ignore line: [Run Build Command:"/usr/bin/make" "cmTC_91b23/fast"]
  ignore line: [/Applications/Xcode.app/Contents/Developer/usr/bin/make -f CMakeFiles/cmTC_91b23.dir/build.make CMakeFiles/cmTC_91b23.dir/build]
  ignore line: [Building CXX object CMakeFiles/cmTC_91b23.dir/CMakeCXXCompilerABI.cpp.o]
  ignore line: [/usr/local/bin/g++-6     -isysroot /Applications/Xcode.app/Contents/Developer/Platforms/MacOSX.platform/Developer/SDKs/MacOSX10.11.sdk   -o CMakeFiles/cmTC_91b23.dir/CMakeCXXCompilerABI.cpp.o -c /usr/local/Cellar/cmake/3.4.3/share/cmake/Modules/CMakeCXXCompilerABI.cpp]
  ignore line: [Linking CXX executable cmTC_91b23]
  ignore line: [/usr/local/Cellar/cmake/3.4.3/bin/cmake -E cmake_link_script CMakeFiles/cmTC_91b23.dir/link.txt --verbose=1]
  ignore line: [/usr/local/bin/g++-6     -isysroot /Applications/Xcode.app/Contents/Developer/Platforms/MacOSX.platform/Developer/SDKs/MacOSX10.11.sdk -Wl,-search_paths_first -Wl,-headerpad_max_install_names  -v -Wl,-v CMakeFiles/cmTC_91b23.dir/CMakeCXXCompilerABI.cpp.o  -o cmTC_91b23   ]
  ignore line: [Using built-in specs.]
  ignore line: [COLLECT_GCC=/usr/local/bin/g++-6]
  ignore line: [COLLECT_LTO_WRAPPER=/usr/local/Cellar/gcc6/6-20160124/libexec/gcc/x86_64-apple-darwin15.3.0/6.0.0/lto-wrapper]
  ignore line: [Target: x86_64-apple-darwin15.3.0]
  ignore line: [Configured with: ../configure --build=x86_64-apple-darwin15.3.0 --prefix=/usr/local/Cellar/gcc6/6-20160124 --libdir=/usr/local/Cellar/gcc6/6-20160124/lib/gcc/6 --enable-languages=c,c++,objc,obj-c++,fortran --program-suffix=-6 --with-gmp=/usr/local/opt/gmp --with-mpfr=/usr/local/opt/mpfr --with-mpc=/usr/local/opt/libmpc --with-isl=/usr/local/opt/isl014 --with-system-zlib --enable-libstdcxx-time=yes --enable-stage1-checking --enable-checking=release --enable-lto --with-build-config=bootstrap-debug --disable-werror --with-pkgversion='Homebrew gcc6 6-20160124' --with-bugurl=https://github.com/Homebrew/homebrew-versions/issues --enable-plugin --disable-nls --enable-multilib --with-native-system-header-dir=/usr/include --with-sysroot=/Applications/Xcode.app/Contents/Developer/Platforms/MacOSX.platform/Developer/SDKs/MacOSX10.11.sdk]
  ignore line: [Thread model: posix]
  ignore line: [gcc version 6.0.0 20160124 (experimental) (Homebrew gcc6 6-20160124) ]
  ignore line: [COMPILER_PATH=/usr/local/Cellar/gcc6/6-20160124/libexec/gcc/x86_64-apple-darwin15.3.0/6.0.0/:/usr/local/Cellar/gcc6/6-20160124/libexec/gcc/x86_64-apple-darwin15.3.0/6.0.0/:/usr/local/Cellar/gcc6/6-20160124/libexec/gcc/x86_64-apple-darwin15.3.0/:/usr/local/Cellar/gcc6/6-20160124/lib/gcc/6/gcc/x86_64-apple-darwin15.3.0/6.0.0/:/usr/local/Cellar/gcc6/6-20160124/lib/gcc/6/gcc/x86_64-apple-darwin15.3.0/]
  ignore line: [LIBRARY_PATH=/usr/local/Cellar/gcc6/6-20160124/lib/gcc/6/gcc/x86_64-apple-darwin15.3.0/6.0.0/:/usr/local/Cellar/gcc6/6-20160124/lib/gcc/6/gcc/x86_64-apple-darwin15.3.0/6.0.0/../../../]
  ignore line: [COLLECT_GCC_OPTIONS='-isysroot' '/Applications/Xcode.app/Contents/Developer/Platforms/MacOSX.platform/Developer/SDKs/MacOSX10.11.sdk' '-v' '-o' 'cmTC_91b23' '-mmacosx-version-min=10.11.3' '-shared-libgcc' '-mtune=core2']
  link line: [ /usr/local/Cellar/gcc6/6-20160124/libexec/gcc/x86_64-apple-darwin15.3.0/6.0.0/collect2 -dynamic -arch x86_64 -macosx_version_min 10.11.3 -syslibroot /Applications/Xcode.app/Contents/Developer/Platforms/MacOSX.platform/Developer/SDKs/MacOSX10.11.sdk -weak_reference_mismatches non-weak -o cmTC_91b23 -L/usr/local/Cellar/gcc6/6-20160124/lib/gcc/6/gcc/x86_64-apple-darwin15.3.0/6.0.0 -L/usr/local/Cellar/gcc6/6-20160124/lib/gcc/6/gcc/x86_64-apple-darwin15.3.0/6.0.0/../../.. -search_paths_first -headerpad_max_install_names -v CMakeFiles/cmTC_91b23.dir/CMakeCXXCompilerABI.cpp.o -lstdc++ -no_compact_unwind -lSystem -lgcc_ext.10.5 -lgcc -lSystem -v]
    arg [/usr/local/Cellar/gcc6/6-20160124/libexec/gcc/x86_64-apple-darwin15.3.0/6.0.0/collect2] ==> ignore
    arg [-dynamic] ==> ignore
    arg [-arch] ==> ignore
    arg [x86_64] ==> ignore
    arg [-macosx_version_min] ==> ignore
    arg [10.11.3] ==> ignore
    arg [-syslibroot] ==> ignore
    arg [/Applications/Xcode.app/Contents/Developer/Platforms/MacOSX.platform/Developer/SDKs/MacOSX10.11.sdk] ==> ignore
    arg [-weak_reference_mismatches] ==> ignore
    arg [non-weak] ==> ignore
    arg [-o] ==> ignore
    arg [cmTC_91b23] ==> ignore
    arg [-L/usr/local/Cellar/gcc6/6-20160124/lib/gcc/6/gcc/x86_64-apple-darwin15.3.0/6.0.0] ==> dir [/usr/local/Cellar/gcc6/6-20160124/lib/gcc/6/gcc/x86_64-apple-darwin15.3.0/6.0.0]
    arg [-L/usr/local/Cellar/gcc6/6-20160124/lib/gcc/6/gcc/x86_64-apple-darwin15.3.0/6.0.0/../../..] ==> dir [/usr/local/Cellar/gcc6/6-20160124/lib/gcc/6/gcc/x86_64-apple-darwin15.3.0/6.0.0/../../..]
    arg [-search_paths_first] ==> ignore
    arg [-headerpad_max_install_names] ==> ignore
    arg [-v] ==> ignore
    arg [CMakeFiles/cmTC_91b23.dir/CMakeCXXCompilerABI.cpp.o] ==> ignore
    arg [-lstdc++] ==> lib [stdc++]
    arg [-no_compact_unwind] ==> ignore
    arg [-lSystem] ==> lib [System]
    arg [-lgcc_ext.10.5] ==> lib [gcc_ext.10.5]
    arg [-lgcc] ==> lib [gcc]
    arg [-lSystem] ==> lib [System]
    arg [-v] ==> ignore
  Library search paths: [;/usr/local/Cellar/gcc6/6-20160124/lib/gcc/6/gcc/x86_64-apple-darwin15.3.0/6.0.0;/usr/local/Cellar/gcc6/6-20160124/lib/gcc/6;/Applications/Xcode.app/Contents/Developer/Platforms/MacOSX.platform/Developer/SDKs/MacOSX10.11.sdk/usr/lib]
  Framework search paths: [;/Applications/Xcode.app/Contents/Developer/Platforms/MacOSX.platform/Developer/SDKs/MacOSX10.11.sdk/System/Library/Frameworks/]
  remove lib [System]
  remove lib [gcc_ext.10.5]
  remove lib [gcc]
  remove lib [System]
  collapse library dir [/usr/local/Cellar/gcc6/6-20160124/lib/gcc/6/gcc/x86_64-apple-darwin15.3.0/6.0.0] ==> [/usr/local/Cellar/gcc6/6-20160124/lib/gcc/6/gcc/x86_64-apple-darwin15.3.0/6.0.0]
  collapse library dir [/usr/local/Cellar/gcc6/6-20160124/lib/gcc/6/gcc/x86_64-apple-darwin15.3.0/6.0.0/../../..] ==> [/usr/local/Cellar/gcc6/6-20160124/lib/gcc/6]
  collapse library dir [/usr/local/Cellar/gcc6/6-20160124/lib/gcc/6/gcc/x86_64-apple-darwin15.3.0/6.0.0] ==> [/usr/local/Cellar/gcc6/6-20160124/lib/gcc/6/gcc/x86_64-apple-darwin15.3.0/6.0.0]
  collapse library dir [/usr/local/Cellar/gcc6/6-20160124/lib/gcc/6] ==> [/usr/local/Cellar/gcc6/6-20160124/lib/gcc/6]
  collapse library dir [/Applications/Xcode.app/Contents/Developer/Platforms/MacOSX.platform/Developer/SDKs/MacOSX10.11.sdk/usr/lib] ==> [/Applications/Xcode.app/Contents/Developer/Platforms/MacOSX.platform/Developer/SDKs/MacOSX10.11.sdk/usr/lib]
  collapse framework dir [/Applications/Xcode.app/Contents/Developer/Platforms/MacOSX.platform/Developer/SDKs/MacOSX10.11.sdk/System/Library/Frameworks/] ==> [/Applications/Xcode.app/Contents/Developer/Platforms/MacOSX.platform/Developer/SDKs/MacOSX10.11.sdk/System/Library/Frameworks]
  implicit libs: [stdc++]
  implicit dirs: [/usr/local/Cellar/gcc6/6-20160124/lib/gcc/6/gcc/x86_64-apple-darwin15.3.0/6.0.0;/usr/local/Cellar/gcc6/6-20160124/lib/gcc/6;/Applications/Xcode.app/Contents/Developer/Platforms/MacOSX.platform/Developer/SDKs/MacOSX10.11.sdk/usr/lib]
  implicit fwks: [/Applications/Xcode.app/Contents/Developer/Platforms/MacOSX.platform/Developer/SDKs/MacOSX10.11.sdk/System/Library/Frameworks]




Detecting CXX [-std=c++14] compiler features compiled with the following output:
Change Dir: /Users/brian/Dropbox/projects/cpp/aetee/CMakeFiles/CMakeTmp

Run Build Command:"/usr/bin/make" "cmTC_5f5ae/fast"
/Applications/Xcode.app/Contents/Developer/usr/bin/make -f CMakeFiles/cmTC_5f5ae.dir/build.make CMakeFiles/cmTC_5f5ae.dir/build
Building CXX object CMakeFiles/cmTC_5f5ae.dir/feature_tests.cxx.o
/usr/local/bin/g++-6     -isysroot /Applications/Xcode.app/Contents/Developer/Platforms/MacOSX.platform/Developer/SDKs/MacOSX10.11.sdk   -std=c++14 -o CMakeFiles/cmTC_5f5ae.dir/feature_tests.cxx.o -c /Users/brian/Dropbox/projects/cpp/aetee/CMakeFiles/feature_tests.cxx
Linking CXX executable cmTC_5f5ae
/usr/local/Cellar/cmake/3.4.3/bin/cmake -E cmake_link_script CMakeFiles/cmTC_5f5ae.dir/link.txt --verbose=1
/usr/local/bin/g++-6     -isysroot /Applications/Xcode.app/Contents/Developer/Platforms/MacOSX.platform/Developer/SDKs/MacOSX10.11.sdk -Wl,-search_paths_first -Wl,-headerpad_max_install_names   CMakeFiles/cmTC_5f5ae.dir/feature_tests.cxx.o  -o cmTC_5f5ae  


    Feature record: CXX_FEATURE:1cxx_aggregate_default_initializers
    Feature record: CXX_FEATURE:1cxx_alias_templates
    Feature record: CXX_FEATURE:1cxx_alignas
    Feature record: CXX_FEATURE:1cxx_alignof
    Feature record: CXX_FEATURE:1cxx_attributes
    Feature record: CXX_FEATURE:1cxx_attribute_deprecated
    Feature record: CXX_FEATURE:1cxx_auto_type
    Feature record: CXX_FEATURE:1cxx_binary_literals
    Feature record: CXX_FEATURE:1cxx_constexpr
    Feature record: CXX_FEATURE:1cxx_contextual_conversions
    Feature record: CXX_FEATURE:1cxx_decltype
    Feature record: CXX_FEATURE:1cxx_decltype_auto
    Feature record: CXX_FEATURE:1cxx_decltype_incomplete_return_types
    Feature record: CXX_FEATURE:1cxx_default_function_template_args
    Feature record: CXX_FEATURE:1cxx_defaulted_functions
    Feature record: CXX_FEATURE:1cxx_defaulted_move_initializers
    Feature record: CXX_FEATURE:1cxx_delegating_constructors
    Feature record: CXX_FEATURE:1cxx_deleted_functions
    Feature record: CXX_FEATURE:1cxx_digit_separators
    Feature record: CXX_FEATURE:1cxx_enum_forward_declarations
    Feature record: CXX_FEATURE:1cxx_explicit_conversions
    Feature record: CXX_FEATURE:1cxx_extended_friend_declarations
    Feature record: CXX_FEATURE:1cxx_extern_templates
    Feature record: CXX_FEATURE:1cxx_final
    Feature record: CXX_FEATURE:1cxx_func_identifier
    Feature record: CXX_FEATURE:1cxx_generalized_initializers
    Feature record: CXX_FEATURE:1cxx_generic_lambdas
    Feature record: CXX_FEATURE:1cxx_inheriting_constructors
    Feature record: CXX_FEATURE:1cxx_inline_namespaces
    Feature record: CXX_FEATURE:1cxx_lambdas
    Feature record: CXX_FEATURE:1cxx_lambda_init_captures
    Feature record: CXX_FEATURE:1cxx_local_type_template_args
    Feature record: CXX_FEATURE:1cxx_long_long_type
    Feature record: CXX_FEATURE:1cxx_noexcept
    Feature record: CXX_FEATURE:1cxx_nonstatic_member_init
    Feature record: CXX_FEATURE:1cxx_nullptr
    Feature record: CXX_FEATURE:1cxx_override
    Feature record: CXX_FEATURE:1cxx_range_for
    Feature record: CXX_FEATURE:1cxx_raw_string_literals
    Feature record: CXX_FEATURE:1cxx_reference_qualified_functions
    Feature record: CXX_FEATURE:1cxx_relaxed_constexpr
    Feature record: CXX_FEATURE:1cxx_return_type_deduction
    Feature record: CXX_FEATURE:1cxx_right_angle_brackets
    Feature record: CXX_FEATURE:1cxx_rvalue_references
    Feature record: CXX_FEATURE:1cxx_sizeof_member
    Feature record: CXX_FEATURE:1cxx_static_assert
    Feature record: CXX_FEATURE:1cxx_strong_enums
    Feature record: CXX_FEATURE:1cxx_template_template_parameters
    Feature record: CXX_FEATURE:1cxx_thread_local
    Feature record: CXX_FEATURE:1cxx_trailing_return_types
    Feature record: CXX_FEATURE:1cxx_unicode_literals
    Feature record: CXX_FEATURE:1cxx_uniform_initialization
    Feature record: CXX_FEATURE:1cxx_unrestricted_unions
    Feature record: CXX_FEATURE:1cxx_user_literals
    Feature record: CXX_FEATURE:1cxx_variable_templates
    Feature record: CXX_FEATURE:1cxx_variadic_macros
    Feature record: CXX_FEATURE:1cxx_variadic_templates


Detecting CXX [-std=c++11] compiler features compiled with the following output:
Change Dir: /Users/brian/Dropbox/projects/cpp/aetee/CMakeFiles/CMakeTmp

Run Build Command:"/usr/bin/make" "cmTC_d6ba4/fast"
/Applications/Xcode.app/Contents/Developer/usr/bin/make -f CMakeFiles/cmTC_d6ba4.dir/build.make CMakeFiles/cmTC_d6ba4.dir/build
Building CXX object CMakeFiles/cmTC_d6ba4.dir/feature_tests.cxx.o
/usr/local/bin/g++-6     -isysroot /Applications/Xcode.app/Contents/Developer/Platforms/MacOSX.platform/Developer/SDKs/MacOSX10.11.sdk   -std=c++11 -o CMakeFiles/cmTC_d6ba4.dir/feature_tests.cxx.o -c /Users/brian/Dropbox/projects/cpp/aetee/CMakeFiles/feature_tests.cxx
Linking CXX executable cmTC_d6ba4
/usr/local/Cellar/cmake/3.4.3/bin/cmake -E cmake_link_script CMakeFiles/cmTC_d6ba4.dir/link.txt --verbose=1
/usr/local/bin/g++-6     -isysroot /Applications/Xcode.app/Contents/Developer/Platforms/MacOSX.platform/Developer/SDKs/MacOSX10.11.sdk -Wl,-search_paths_first -Wl,-headerpad_max_install_names   CMakeFiles/cmTC_d6ba4.dir/feature_tests.cxx.o  -o cmTC_d6ba4  


    Feature record: CXX_FEATURE:0cxx_aggregate_default_initializers
    Feature record: CXX_FEATURE:1cxx_alias_templates
    Feature record: CXX_FEATURE:1cxx_alignas
    Feature record: CXX_FEATURE:1cxx_alignof
    Feature record: CXX_FEATURE:1cxx_attributes
    Feature record: CXX_FEATURE:0cxx_attribute_deprecated
    Feature record: CXX_FEATURE:1cxx_auto_type
    Feature record: CXX_FEATURE:0cxx_binary_literals
    Feature record: CXX_FEATURE:1cxx_constexpr
    Feature record: CXX_FEATURE:0cxx_contextual_conversions
    Feature record: CXX_FEATURE:1cxx_decltype
    Feature record: CXX_FEATURE:0cxx_decltype_auto
    Feature record: CXX_FEATURE:1cxx_decltype_incomplete_return_types
    Feature record: CXX_FEATURE:1cxx_default_function_template_args
    Feature record: CXX_FEATURE:1cxx_defaulted_functions
    Feature record: CXX_FEATURE:1cxx_defaulted_move_initializers
    Feature record: CXX_FEATURE:1cxx_delegating_constructors
    Feature record: CXX_FEATURE:1cxx_deleted_functions
    Feature record: CXX_FEATURE:0cxx_digit_separators
    Feature record: CXX_FEATURE:1cxx_enum_forward_declarations
    Feature record: CXX_FEATURE:1cxx_explicit_conversions
    Feature record: CXX_FEATURE:1cxx_extended_friend_declarations
    Feature record: CXX_FEATURE:1cxx_extern_templates
    Feature record: CXX_FEATURE:1cxx_final
    Feature record: CXX_FEATURE:1cxx_func_identifier
    Feature record: CXX_FEATURE:1cxx_generalized_initializers
    Feature record: CXX_FEATURE:0cxx_generic_lambdas
    Feature record: CXX_FEATURE:1cxx_inheriting_constructors
    Feature record: CXX_FEATURE:1cxx_inline_namespaces
    Feature record: CXX_FEATURE:1cxx_lambdas
    Feature record: CXX_FEATURE:0cxx_lambda_init_captures
    Feature record: CXX_FEATURE:1cxx_local_type_template_args
    Feature record: CXX_FEATURE:1cxx_long_long_type
    Feature record: CXX_FEATURE:1cxx_noexcept
    Feature record: CXX_FEATURE:1cxx_nonstatic_member_init
    Feature record: CXX_FEATURE:1cxx_nullptr
    Feature record: CXX_FEATURE:1cxx_override
    Feature record: CXX_FEATURE:1cxx_range_for
    Feature record: CXX_FEATURE:1cxx_raw_string_literals
    Feature record: CXX_FEATURE:1cxx_reference_qualified_functions
    Feature record: CXX_FEATURE:0cxx_relaxed_constexpr
    Feature record: CXX_FEATURE:0cxx_return_type_deduction
    Feature record: CXX_FEATURE:1cxx_right_angle_brackets
    Feature record: CXX_FEATURE:1cxx_rvalue_references
    Feature record: CXX_FEATURE:1cxx_sizeof_member
    Feature record: CXX_FEATURE:1cxx_static_assert
    Feature record: CXX_FEATURE:1cxx_strong_enums
    Feature record: CXX_FEATURE:1cxx_template_template_parameters
    Feature record: CXX_FEATURE:1cxx_thread_local
    Feature record: CXX_FEATURE:1cxx_trailing_return_types
    Feature record: CXX_FEATURE:1cxx_unicode_literals
    Feature record: CXX_FEATURE:1cxx_uniform_initialization
    Feature record: CXX_FEATURE:1cxx_unrestricted_unions
    Feature record: CXX_FEATURE:1cxx_user_literals
    Feature record: CXX_FEATURE:0cxx_variable_templates
    Feature record: CXX_FEATURE:1cxx_variadic_macros
    Feature record: CXX_FEATURE:1cxx_variadic_templates


Detecting CXX [-std=c++98] compiler features compiled with the following output:
Change Dir: /Users/brian/Dropbox/projects/cpp/aetee/CMakeFiles/CMakeTmp

Run Build Command:"/usr/bin/make" "cmTC_5be5d/fast"
/Applications/Xcode.app/Contents/Developer/usr/bin/make -f CMakeFiles/cmTC_5be5d.dir/build.make CMakeFiles/cmTC_5be5d.dir/build
Building CXX object CMakeFiles/cmTC_5be5d.dir/feature_tests.cxx.o
/usr/local/bin/g++-6     -isysroot /Applications/Xcode.app/Contents/Developer/Platforms/MacOSX.platform/Developer/SDKs/MacOSX10.11.sdk   -std=c++98 -o CMakeFiles/cmTC_5be5d.dir/feature_tests.cxx.o -c /Users/brian/Dropbox/projects/cpp/aetee/CMakeFiles/feature_tests.cxx
Linking CXX executable cmTC_5be5d
/usr/local/Cellar/cmake/3.4.3/bin/cmake -E cmake_link_script CMakeFiles/cmTC_5be5d.dir/link.txt --verbose=1
/usr/local/bin/g++-6     -isysroot /Applications/Xcode.app/Contents/Developer/Platforms/MacOSX.platform/Developer/SDKs/MacOSX10.11.sdk -Wl,-search_paths_first -Wl,-headerpad_max_install_names   CMakeFiles/cmTC_5be5d.dir/feature_tests.cxx.o  -o cmTC_5be5d  


    Feature record: CXX_FEATURE:0cxx_aggregate_default_initializers
    Feature record: CXX_FEATURE:0cxx_alias_templates
    Feature record: CXX_FEATURE:0cxx_alignas
    Feature record: CXX_FEATURE:0cxx_alignof
    Feature record: CXX_FEATURE:0cxx_attributes
    Feature record: CXX_FEATURE:0cxx_attribute_deprecated
    Feature record: CXX_FEATURE:0cxx_auto_type
    Feature record: CXX_FEATURE:0cxx_binary_literals
    Feature record: CXX_FEATURE:0cxx_constexpr
    Feature record: CXX_FEATURE:0cxx_contextual_conversions
    Feature record: CXX_FEATURE:0cxx_decltype
    Feature record: CXX_FEATURE:0cxx_decltype_auto
    Feature record: CXX_FEATURE:0cxx_decltype_incomplete_return_types
    Feature record: CXX_FEATURE:0cxx_default_function_template_args
    Feature record: CXX_FEATURE:0cxx_defaulted_functions
    Feature record: CXX_FEATURE:0cxx_defaulted_move_initializers
    Feature record: CXX_FEATURE:0cxx_delegating_constructors
    Feature record: CXX_FEATURE:0cxx_deleted_functions
    Feature record: CXX_FEATURE:0cxx_digit_separators
    Feature record: CXX_FEATURE:0cxx_enum_forward_declarations
    Feature record: CXX_FEATURE:0cxx_explicit_conversions
    Feature record: CXX_FEATURE:0cxx_extended_friend_declarations
    Feature record: CXX_FEATURE:0cxx_extern_templates
    Feature record: CXX_FEATURE:0cxx_final
    Feature record: CXX_FEATURE:0cxx_func_identifier
    Feature record: CXX_FEATURE:0cxx_generalized_initializers
    Feature record: CXX_FEATURE:0cxx_generic_lambdas
    Feature record: CXX_FEATURE:0cxx_inheriting_constructors
    Feature record: CXX_FEATURE:0cxx_inline_namespaces
    Feature record: CXX_FEATURE:0cxx_lambdas
    Feature record: CXX_FEATURE:0cxx_lambda_init_captures
    Feature record: CXX_FEATURE:0cxx_local_type_template_args
    Feature record: CXX_FEATURE:0cxx_long_long_type
    Feature record: CXX_FEATURE:0cxx_noexcept
    Feature record: CXX_FEATURE:0cxx_nonstatic_member_init
    Feature record: CXX_FEATURE:0cxx_nullptr
    Feature record: CXX_FEATURE:0cxx_override
    Feature record: CXX_FEATURE:0cxx_range_for
    Feature record: CXX_FEATURE:0cxx_raw_string_literals
    Feature record: CXX_FEATURE:0cxx_reference_qualified_functions
    Feature record: CXX_FEATURE:0cxx_relaxed_constexpr
    Feature record: CXX_FEATURE:0cxx_return_type_deduction
    Feature record: CXX_FEATURE:0cxx_right_angle_brackets
    Feature record: CXX_FEATURE:0cxx_rvalue_references
    Feature record: CXX_FEATURE:0cxx_sizeof_member
    Feature record: CXX_FEATURE:0cxx_static_assert
    Feature record: CXX_FEATURE:0cxx_strong_enums
    Feature record: CXX_FEATURE:1cxx_template_template_parameters
    Feature record: CXX_FEATURE:0cxx_thread_local
    Feature record: CXX_FEATURE:0cxx_trailing_return_types
    Feature record: CXX_FEATURE:0cxx_unicode_literals
    Feature record: CXX_FEATURE:0cxx_uniform_initialization
    Feature record: CXX_FEATURE:0cxx_unrestricted_unions
    Feature record: CXX_FEATURE:0cxx_user_literals
    Feature record: CXX_FEATURE:0cxx_variable_templates
    Feature record: CXX_FEATURE:0cxx_variadic_macros
    Feature record: CXX_FEATURE:0cxx_variadic_templates
Determining if the include file pthread.h exists passed with the following output:
Change Dir: /Users/brian/Dropbox/projects/cpp/aetee/CMakeFiles/CMakeTmp

Run Build Command:"/usr/bin/make" "cmTC_6cefe/fast"
/Applications/Xcode.app/Contents/Developer/usr/bin/make -f CMakeFiles/cmTC_6cefe.dir/build.make CMakeFiles/cmTC_6cefe.dir/build
Building C object CMakeFiles/cmTC_6cefe.dir/CheckIncludeFile.c.o
/usr/local/bin/gcc-6    -isysroot /Applications/Xcode.app/Contents/Developer/Platforms/MacOSX.platform/Developer/SDKs/MacOSX10.11.sdk   -o CMakeFiles/cmTC_6cefe.dir/CheckIncludeFile.c.o   -c /Users/brian/Dropbox/projects/cpp/aetee/CMakeFiles/CMakeTmp/CheckIncludeFile.c
Linking C executable cmTC_6cefe
/usr/local/Cellar/cmake/3.4.3/bin/cmake -E cmake_link_script CMakeFiles/cmTC_6cefe.dir/link.txt --verbose=1
/usr/local/bin/gcc-6    -isysroot /Applications/Xcode.app/Contents/Developer/Platforms/MacOSX.platform/Developer/SDKs/MacOSX10.11.sdk -Wl,-search_paths_first -Wl,-headerpad_max_install_names   CMakeFiles/cmTC_6cefe.dir/CheckIncludeFile.c.o  -o cmTC_6cefe  


Determining if the pthread_create exist passed with the following output:
Change Dir: /Users/brian/Dropbox/projects/cpp/aetee/CMakeFiles/CMakeTmp

Run Build Command:"/usr/bin/make" "cmTC_ae390/fast"
/Applications/Xcode.app/Contents/Developer/usr/bin/make -f CMakeFiles/cmTC_ae390.dir/build.make CMakeFiles/cmTC_ae390.dir/build
Building C object CMakeFiles/cmTC_ae390.dir/CheckSymbolExists.c.o
/usr/local/bin/gcc-6    -isysroot /Applications/Xcode.app/Contents/Developer/Platforms/MacOSX.platform/Developer/SDKs/MacOSX10.11.sdk   -o CMakeFiles/cmTC_ae390.dir/CheckSymbolExists.c.o   -c /Users/brian/Dropbox/projects/cpp/aetee/CMakeFiles/CMakeTmp/CheckSymbolExists.c
Linking C executable cmTC_ae390
/usr/local/Cellar/cmake/3.4.3/bin/cmake -E cmake_link_script CMakeFiles/cmTC_ae390.dir/link.txt --verbose=1
/usr/local/bin/gcc-6    -isysroot /Applications/Xcode.app/Contents/Developer/Platforms/MacOSX.platform/Developer/SDKs/MacOSX10.11.sdk -Wl,-search_paths_first -Wl,-headerpad_max_install_names   CMakeFiles/cmTC_ae390.dir/CheckSymbolExists.c.o  -o cmTC_ae390  

File /Users/brian/Dropbox/projects/cpp/aetee/CMakeFiles/CMakeTmp/CheckSymbolExists.c:
/* */
#include <pthread.h>

int main(int argc, char** argv)
{
  (void)argv;
#ifndef pthread_create
  return ((int*)(&pthread_create))[argc];
#else
  (void)argc;
  return 0;
#endif
}

